[debug] [2024-05-19T05:21:34.960Z] ----------------------------------------------------------------------
[debug] [2024-05-19T05:21:34.962Z] Command:       C:\Program Files\nodejs\node.exe C:\Users\chara\AppData\Roaming\npm\node_modules\firebase-tools\lib\bin\firebase.js init
[debug] [2024-05-19T05:21:34.963Z] CLI Version:   13.9.0
[debug] [2024-05-19T05:21:34.963Z] Platform:      win32
[debug] [2024-05-19T05:21:34.963Z] Node Version:  v20.9.0
[debug] [2024-05-19T05:21:34.963Z] Time:          Sun May 19 2024 10:51:34 GMT+0530 (India Standard Time)
[debug] [2024-05-19T05:21:34.963Z] ----------------------------------------------------------------------
[debug] 
[debug] [2024-05-19T05:21:34.966Z] >>> [apiv2][query] GET https://firebase-public.firebaseio.com/cli.json [none]
[debug] [2024-05-19T05:21:35.016Z] > command requires scopes: ["email","openid","https://www.googleapis.com/auth/cloudplatformprojects.readonly","https://www.googleapis.com/auth/firebase","https://www.googleapis.com/auth/cloud-platform"]
[debug] [2024-05-19T05:21:35.016Z] > authorizing via signed-in user (charanjoseph00@gmail.com)
[info] 
     ######## #### ########  ######## ########     ###     ######  ########
     ##        ##  ##     ## ##       ##     ##  ##   ##  ##       ##
     ######    ##  ########  ######   ########  #########  ######  ######
     ##        ##  ##    ##  ##       ##     ## ##     ##       ## ##
     ##       #### ##     ## ######## ########  ##     ##  ######  ########

You're about to initialize a Firebase project in this directory:

  C:\Users\chara\OneDrive\Documents\web development\rentify

[debug] [2024-05-19T05:21:35.579Z] <<< [apiv2][status] GET https://firebase-public.firebaseio.com/cli.json 200
[debug] [2024-05-19T05:21:35.580Z] <<< [apiv2][body] GET https://firebase-public.firebaseio.com/cli.json {"cloudBuildErrorAfter":1594252800000,"cloudBuildWarnAfter":1590019200000,"defaultNode10After":1594252800000,"minVersion":"3.0.5","node8DeploysDisabledAfter":1613390400000,"node8RuntimeDisabledAfter":1615809600000,"node8WarnAfter":1600128000000}
[info] 
=== Project Setup
[info] 
[info] First, let's associate this project directory with a Firebase project.
[info] You can create multiple project aliases by running firebase use --add, 
[info] but for now we'll just set up a default project.
[info] 
[debug] [2024-05-19T05:22:17.762Z] > refreshing access token with scopes: []
[debug] [2024-05-19T05:22:17.764Z] >>> [apiv2][query] POST https://www.googleapis.com/oauth2/v3/token [none]
[debug] [2024-05-19T05:22:17.764Z] >>> [apiv2][body] POST https://www.googleapis.com/oauth2/v3/token [omitted]
[debug] [2024-05-19T05:22:18.087Z] <<< [apiv2][status] POST https://www.googleapis.com/oauth2/v3/token 200
[debug] [2024-05-19T05:22:18.087Z] <<< [apiv2][body] POST https://www.googleapis.com/oauth2/v3/token [omitted]
[debug] [2024-05-19T05:22:18.107Z] >>> [apiv2][query] GET https://firebase.googleapis.com/v1beta1/projects pageSize=100
[debug] [2024-05-19T05:22:18.733Z] <<< [apiv2][status] GET https://firebase.googleapis.com/v1beta1/projects 200
[debug] [2024-05-19T05:22:18.734Z] <<< [apiv2][body] GET https://firebase.googleapis.com/v1beta1/projects [omitted]
[info] i  Using project rentify-1fae5 (rentify) 
[info] 
=== Hosting Setup
[debug] [2024-05-19T05:22:22.604Z] >>> [apiv2][query] GET https://firebase.googleapis.com/v1beta1/projects/rentify-1fae5 [none]
[debug] [2024-05-19T05:22:23.199Z] <<< [apiv2][status] GET https://firebase.googleapis.com/v1beta1/projects/rentify-1fae5 200
[debug] [2024-05-19T05:22:23.199Z] <<< [apiv2][body] GET https://firebase.googleapis.com/v1beta1/projects/rentify-1fae5 {"projectId":"rentify-1fae5","projectNumber":"306128470615","displayName":"rentify","name":"projects/rentify-1fae5","resources":{"hostingSite":"rentify-1fae5"},"state":"ACTIVE","etag":"1_0c70637f-8d23-4c30-a295-2bdb049fd0ce"}
[info] 
[info] Your public directory is the folder (relative to your project directory) that
[info] will contain Hosting assets to be uploaded with firebase deploy. If you
[info] have a build process for your assets, use your build's output directory.
[info] 
[debug] [2024-05-19T05:24:09.405Z] >>> [apiv2][query] GET https://www.gstatic.com/firebasejs/releases.json [none]
[debug] [2024-05-19T05:24:09.618Z] <<< [apiv2][status] GET https://www.gstatic.com/firebasejs/releases.json 200
[debug] [2024-05-19T05:24:09.618Z] <<< [apiv2][body] GET https://www.gstatic.com/firebasejs/releases.json {"current":{"version":"10.12.0","browserURL":"https://www.gstatic.com/firebasejs/10.12.0/firebase.js","packageURL":"https://www.gstatic.com/firebasejs/10.12.0/firebase.tgz"},"live":{"version":"10.12","browserURL":"https://www.gstatic.com/firebasejs/live/10.12/firebase.js","packageURL":"https://www.gstatic.com/firebasejs/live/10.12/firebase.tgz"},"components":{"analytics":"https://www.gstatic.com/firebasejs/10.12.0/firebase-analytics.js","app":"https://www.gstatic.com/firebasejs/10.12.0/firebase-app.js","app-check":"https://www.gstatic.com/firebasejs/10.12.0/firebase-app-check.js","auth":"https://www.gstatic.com/firebasejs/10.12.0/firebase-auth.js","auth/cordova":"https://www.gstatic.com/firebasejs/10.12.0/firebase-auth/cordova.js","auth/web-extension":"https://www.gstatic.com/firebasejs/10.12.0/firebase-auth/web-extension.js","functions":"https://www.gstatic.com/firebasejs/10.12.0/firebase-functions.js","firestore":"https://www.gstatic.com/firebasejs/10.12.0/firebase-firestore.js","firestore/lite":"https://www.gstatic.com/firebasejs/10.12.0/firebase-firestore/lite.js","installations":"https://www.gstatic.com/firebasejs/10.12.0/firebase-installations.js","storage":"https://www.gstatic.com/firebasejs/10.12.0/firebase-storage.js","performance":"https://www.gstatic.com/firebasejs/10.12.0/firebase-performance.js","remote-config":"https://www.gstatic.com/firebasejs/10.12.0/firebase-remote-config.js","messaging":"https://www.gstatic.com/firebasejs/10.12.0/firebase-messaging.js","messaging/sw":"https://www.gstatic.com/firebasejs/10.12.0/firebase-messaging/sw.js","database":"https://www.gstatic.com/firebasejs/10.12.0/firebase-database.js","vertexai-preview":"https://www.gstatic.com/firebasejs/10.12.0/firebase-vertexai-preview.js","firestore.memory":"https://www.gstatic.com/firebasejs/10.12.0/firebase-firestore.memory.js"}}
[info] +  Wrote build/index.html 
[info] 
[info] i  Detected a .git folder at C:\Users\chara\OneDrive\Documents\web development\rentify 
[info] i  Authorizing with GitHub to upload your service account to a GitHub repository's secrets store. 
[info] 
[info] Visit this URL on this device to log in:
[info] https://github.com/login/oauth/authorize?client_id=89cf50f02ac6aaed3484&state=927711422&redirect_uri=http%3A%2F%2Flocalhost%3A9005&scope=read%3Auser%20repo%20public_repo
[info] 
[info] Waiting for authentication...
[debug] [2024-05-19T05:24:10.377Z] >>> [apiv2][query] POST https://github.com/login/oauth/access_token [none]
[debug] [2024-05-19T05:24:10.377Z] >>> [apiv2][body] POST https://github.com/login/oauth/access_token [stream]
[debug] [2024-05-19T05:24:10.752Z] <<< [apiv2][status] POST https://github.com/login/oauth/access_token 200
[debug] [2024-05-19T05:24:10.752Z] <<< [apiv2][body] POST https://github.com/login/oauth/access_token {"access_token":"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","token_type":"bearer","scope":"read:user,repo"}
[debug] [2024-05-19T05:24:10.765Z] >>> [apiv2][query] GET https://api.github.com/user [none]
[debug] [2024-05-19T05:24:11.192Z] <<< [apiv2][status] GET https://api.github.com/user 200
[debug] [2024-05-19T05:24:11.192Z] <<< [apiv2][body] GET https://api.github.com/user {"login":"charanjose16","id":97113209,"node_id":"U_kgDOBcnUeQ","avatar_url":"https://avatars.githubusercontent.com/u/97113209?v=4","gravatar_id":"","url":"https://api.github.com/users/charanjose16","html_url":"https://github.com/charanjose16","followers_url":"https://api.github.com/users/charanjose16/followers","following_url":"https://api.github.com/users/charanjose16/following{/other_user}","gists_url":"https://api.github.com/users/charanjose16/gists{/gist_id}","starred_url":"https://api.github.com/users/charanjose16/starred{/owner}{/repo}","subscriptions_url":"https://api.github.com/users/charanjose16/subscriptions","organizations_url":"https://api.github.com/users/charanjose16/orgs","repos_url":"https://api.github.com/users/charanjose16/repos","events_url":"https://api.github.com/users/charanjose16/events{/privacy}","received_events_url":"https://api.github.com/users/charanjose16/received_events","type":"User","site_admin":false,"name":"Charan Joseph","company":null,"blog":"","location":null,"email":null,"hireable":null,"bio":"Full Stack Developer","twitter_username":null,"public_repos":32,"public_gists":0,"followers":0,"following":5,"created_at":"2022-01-04T15:36:03Z","updated_at":"2024-02-15T16:19:59Z","private_gists":0,"total_private_repos":0,"owned_private_repos":0,"disk_usage":104565,"collaborators":0,"two_factor_authentication":false,"plan":{"name":"free","space":976562499,"collaborators":0,"private_repos":10000}}
[info] 
[info] +  Success! Logged into GitHub as charanjose16 
[info] 
